2023-09-03 23:22:08:228 - [32minfo[39m: [32mBase de dados conectada com sucesso.[39m
2023-09-03 23:22:23:2223 - [32minfo[39m: [32mAplicação está funcionando na porta: 3000[39m
2023-09-03 23:22:23:2223 - [32minfo[39m: [32mBase de dados conectada com sucesso.[39m
2023-09-03 23:22:41:2241 - [32minfo[39m: [32mAplicação está funcionando na porta: 3000[39m
2023-09-03 23:22:41:2241 - [32minfo[39m: [32mBase de dados conectada com sucesso.[39m
2023-09-03 23:22:54:2254 - [32minfo[39m: [32mAplicação está funcionando na porta: 3000[39m
2023-09-03 23:22:54:2254 - [32minfo[39m: [32mBase de dados conectada com sucesso.[39m
2023-09-03 23:22:54:2254 - [31merror[39m: [31mSQLITE_ERROR: table example already exists[39m
2023-09-03 23:23:01:231 - [32minfo[39m: [32mAplicação está funcionando na porta: 3000[39m
2023-09-03 23:23:01:231 - [32minfo[39m: [32mBase de dados conectada com sucesso.[39m
2023-09-03 23:23:01:231 - [33mwarn[39m: [33mSQLITE_ERROR: table example already exists[39m
2023-09-04 00:58:11:5811 - [32minfo[39m: [32mAplicação está funcionando na porta: 3000[39m
2023-09-04 00:58:11:5811 - [32minfo[39m: [32mBase de dados conectada com sucesso.[39m
2023-09-04 00:58:11:5811 - [33mwarn[39m: [33mSQLITE_ERROR: table example already exists[39m
2023-09-04 00:58:19:5819 - [32minfo[39m: [32mAplicação está funcionando na porta: 3000[39m
2023-09-04 00:58:19:5819 - [32minfo[39m: [32mBase de dados conectada com sucesso.[39m
2023-09-04 00:58:19:5819 - [33mwarn[39m: [33mSQLITE_ERROR: table example already exists[39m
2023-09-04 00:58:26:5826 - [32minfo[39m: [32mAplicação está funcionando na porta: 3000[39m
2023-09-04 00:58:26:5826 - [32minfo[39m: [32mBase de dados conectada com sucesso.[39m
2023-09-04 00:58:26:5826 - [33mwarn[39m: [33mSQLITE_ERROR: table example already exists[39m
2023-09-04 00:58:40:5840 - [32minfo[39m: [32mAplicação está funcionando na porta: 3000[39m
2023-09-04 00:58:40:5840 - [32minfo[39m: [32mBase de dados conectada com sucesso.[39m
2023-09-04 00:58:40:5840 - [33mwarn[39m: [33mSQLITE_ERROR: table example already exists[39m
2023-09-04 00:58:50:5850 - [32minfo[39m: [32mAplicação está funcionando na porta: 3000[39m
2023-09-04 00:58:50:5850 - [32minfo[39m: [32mBase de dados conectada com sucesso.[39m
2023-09-04 00:58:50:5850 - [33mwarn[39m: [33mSQLITE_ERROR: table example already exists[39m
2023-09-04 00:58:56:5856 - [32minfo[39m: [32mAplicação está funcionando na porta: 3000[39m
2023-09-04 00:58:56:5856 - [32minfo[39m: [32mBase de dados conectada com sucesso.[39m
2023-09-04 00:58:56:5856 - [33mwarn[39m: [33mSQLITE_ERROR: table example already exists[39m
2023-09-04 00:59:14:5914 - [32minfo[39m: [32mAplicação está funcionando na porta: 3000[39m
2023-09-04 00:59:14:5914 - [32minfo[39m: [32mBase de dados conectada com sucesso.[39m
2023-09-04 00:59:14:5914 - [33mwarn[39m: [33mSQLITE_ERROR: table example already exists[39m
2023-09-04 00:59:31:5931 - [32minfo[39m: [32mAplicação está funcionando na porta: 3000[39m
2023-09-04 00:59:31:5931 - [32minfo[39m: [32mBase de dados conectada com sucesso.[39m
2023-09-04 00:59:31:5931 - [33mwarn[39m: [33mSQLITE_ERROR: table example already exists[39m
2023-09-04 00:59:37:5937 - [32minfo[39m: [32mAplicação está funcionando na porta: 3000[39m
2023-09-04 00:59:37:5937 - [32minfo[39m: [32mBase de dados conectada com sucesso.[39m
2023-09-04 00:59:37:5937 - [33mwarn[39m: [33mSQLITE_ERROR: table example already exists[39m
2023-09-04 01:00:23:023 - [32minfo[39m: [32mAplicação está funcionando na porta: 3000[39m
2023-09-04 01:00:23:023 - [32minfo[39m: [32mBase de dados conectada com sucesso.[39m
2023-09-04 01:00:23:023 - [33mwarn[39m: [33mSQLITE_ERROR: table example already exists[39m
2023-09-04 01:02:15:215 - [32minfo[39m: [32mAplicação está funcionando na porta: 3000[39m
2023-09-04 01:02:15:215 - [32minfo[39m: [32mBase de dados conectada com sucesso.[39m
2023-09-04 01:02:15:215 - [33mwarn[39m: [33mSQLITE_ERROR: table example already exists[39m
2023-09-04 01:03:03:33 - [32minfo[39m: [32mAplicação está funcionando na porta: 3000[39m
2023-09-04 01:03:03:33 - [32minfo[39m: [32mBase de dados conectada com sucesso.[39m
2023-09-04 01:03:03:33 - [33mwarn[39m: [33mSQLITE_ERROR: table example already exists[39m
2023-09-04 01:03:17:317 - [32minfo[39m: [32mAplicação está funcionando na porta: 3000[39m
2023-09-04 01:03:17:317 - [32minfo[39m: [32mBase de dados conectada com sucesso.[39m
2023-09-04 01:03:17:317 - [33mwarn[39m: [33mSQLITE_ERROR: table example already exists[39m
2023-09-04 01:06:06:66 - [32minfo[39m: [32mAplicação está funcionando na porta: 3000[39m
2023-09-04 01:06:06:66 - [32minfo[39m: [32mBase de dados conectada com sucesso.[39m
2023-09-04 01:06:06:66 - [33mwarn[39m: [33mSQLITE_ERROR: table example already exists[39m
2023-09-04 01:06:08:68 - [32minfo[39m: [32mGET /api/test 200 12 - 10.475 ms[39m
[32m[39m
2023-09-04 01:06:11:611 - [32minfo[39m: [32mAplicação está funcionando na porta: 3000[39m
2023-09-04 01:06:11:611 - [32minfo[39m: [32mBase de dados conectada com sucesso.[39m
2023-09-04 01:06:11:611 - [33mwarn[39m: [33mSQLITE_ERROR: table example already exists[39m
2023-09-04 01:06:18:618 - [32minfo[39m: [32mAplicação está funcionando na porta: 3000[39m
2023-09-04 01:06:18:618 - [32minfo[39m: [32mBase de dados conectada com sucesso.[39m
2023-09-04 01:06:18:618 - [33mwarn[39m: [33mSQLITE_ERROR: table example already exists[39m
2023-09-04 01:06:23:623 - [32minfo[39m: [32mAplicação está funcionando na porta: 3000[39m
2023-09-04 01:06:23:623 - [32minfo[39m: [32mBase de dados conectada com sucesso.[39m
2023-09-04 01:06:23:623 - [33mwarn[39m: [33mSQLITE_ERROR: table example already exists[39m
2023-09-04 01:06:28:628 - [32minfo[39m: [32mAplicação está funcionando na porta: 3000[39m
2023-09-04 01:06:28:628 - [32minfo[39m: [32mBase de dados conectada com sucesso.[39m
2023-09-04 01:06:28:628 - [33mwarn[39m: [33mSQLITE_ERROR: table example already exists[39m
2023-09-04 01:06:35:635 - [32minfo[39m: [32mAplicação está funcionando na porta: 3000[39m
2023-09-04 01:06:35:635 - [32minfo[39m: [32mBase de dados conectada com sucesso.[39m
2023-09-04 01:06:35:635 - [33mwarn[39m: [33mSQLITE_ERROR: table example already exists[39m
2023-09-04 01:06:40:640 - [32minfo[39m: [32mAplicação está funcionando na porta: 3000[39m
2023-09-04 01:06:40:640 - [32minfo[39m: [32mBase de dados conectada com sucesso.[39m
2023-09-04 01:06:40:640 - [33mwarn[39m: [33mSQLITE_ERROR: table example already exists[39m
2023-09-04 01:06:56:656 - [32minfo[39m: [32mAplicação está funcionando na porta: 3000[39m
2023-09-04 01:06:56:656 - [32minfo[39m: [32mBase de dados conectada com sucesso.[39m
2023-09-04 01:06:56:656 - [33mwarn[39m: [33mSQLITE_ERROR: table example already exists[39m
2023-09-04 01:07:06:76 - [32minfo[39m: [32mAplicação está funcionando na porta: 3000[39m
2023-09-04 01:07:06:76 - [32minfo[39m: [32mBase de dados conectada com sucesso.[39m
2023-09-04 01:07:06:76 - [33mwarn[39m: [33mSQLITE_ERROR: table example already exists[39m
2023-09-04 01:07:45:745 - [32minfo[39m: [32mAplicação está funcionando na porta: 3000[39m
2023-09-04 01:07:45:745 - [32minfo[39m: [32mBase de dados conectada com sucesso.[39m
2023-09-04 01:07:45:745 - [33mwarn[39m: [33mSQLITE_ERROR: table example already exists[39m
2023-09-04 01:07:46:746 - [31merror[39m: [31mGET /api/test 200 12 - 11.401 ms[39m
[31m[39m
2023-09-04 01:07:53:753 - [32minfo[39m: [32mAplicação está funcionando na porta: 3000[39m
2023-09-04 01:07:53:753 - [32minfo[39m: [32mBase de dados conectada com sucesso.[39m
2023-09-04 01:07:53:753 - [33mwarn[39m: [33mSQLITE_ERROR: table example already exists[39m
2023-09-04 01:07:54:754 - [32minfo[39m: [32mGET /api/test 200 12 - 3.239 ms[39m
[32m[39m
2023-09-04 01:07:59:759 - [32minfo[39m: [32mAplicação está funcionando na porta: 3000[39m
2023-09-04 01:07:59:759 - [32minfo[39m: [32mBase de dados conectada com sucesso.[39m
2023-09-04 01:07:59:759 - [33mwarn[39m: [33mSQLITE_ERROR: table example already exists[39m
2023-09-04 01:09:20:920 - [32minfo[39m: [32mAplicação está funcionando na porta: 3000[39m
2023-09-04 01:09:20:920 - [32minfo[39m: [32mBase de dados conectada com sucesso.[39m
2023-09-04 01:09:20:920 - [33mwarn[39m: [33mSQLITE_ERROR: table example already exists[39m
2023-09-04 01:09:27:927 - [32minfo[39m: [32mAplicação está funcionando na porta: 3000[39m
2023-09-04 01:09:27:927 - [32minfo[39m: [32mBase de dados conectada com sucesso.[39m
2023-09-04 01:09:27:927 - [33mwarn[39m: [33mSQLITE_ERROR: table example already exists[39m
2023-09-04 01:11:31:1131 - [32minfo[39m: [32mAplicação está funcionando na porta: 3000[39m
2023-09-04 01:11:31:1131 - [32minfo[39m: [32mBase de dados conectada com sucesso.[39m
2023-09-04 01:11:31:1131 - [33mwarn[39m: [33mSQLITE_ERROR: table example already exists[39m
2023-09-04 01:11:34:1134 - [32minfo[39m: [32mGET /api/test 200 12 - 6.244 ms[39m
[32m[39m
2023-09-04 01:11:40:1140 - [32minfo[39m: [32mGET /api/test 200 12 - 1.303 ms[39m
[32m[39m
2023-09-04 01:11:53:1153 - [32minfo[39m: [32mAplicação está funcionando na porta: 3000[39m
2023-09-04 01:11:53:1153 - [32minfo[39m: [32mBase de dados conectada com sucesso.[39m
2023-09-04 01:11:53:1153 - [33mwarn[39m: [33mSQLITE_ERROR: table example already exists[39m
2023-09-04 01:26:58:2658 - [32minfo[39m: [32mAplicação está funcionando na porta: 3000[39m
2023-09-04 01:26:58:2658 - [32minfo[39m: [32mBase de dados conectada com sucesso.[39m
2023-09-04 01:26:58:2658 - [33mwarn[39m: [33mSQLITE_ERROR: table example already exists[39m
2023-09-04 01:27:11:2711 - [32minfo[39m: [32mAplicação está funcionando na porta: 3000[39m
2023-09-04 01:27:11:2711 - [32minfo[39m: [32mBase de dados conectada com sucesso.[39m
2023-09-04 01:27:11:2711 - [33mwarn[39m: [33mSQLITE_ERROR: table example already exists[39m
2023-09-04 01:53:32:5332 - [32minfo[39m: [32mGET / 404 139 - 5.521 ms[39m
[32m[39m
2023-09-04 01:53:37:5337 - [32minfo[39m: [32mGET /api/test 404 147 - 1.586 ms[39m
[32m[39m
2023-09-04 01:53:40:5340 - [32minfo[39m: [32mGET /api/test 404 147 - 2.830 ms[39m
[32m[39m
2023-09-04 01:53:43:5343 - [32minfo[39m: [32mGET /api/test 404 147 - 0.358 ms[39m
[32m[39m
2023-09-04 01:54:01:541 - [32minfo[39m: [32mGET /api/users 200 12 - 2.809 ms[39m
[32m[39m
2023-09-04 02:02:16:216 - [32minfo[39m: [32mAplicação está funcionando na porta: 3000[39m
2023-09-04 02:02:16:216 - [32minfo[39m: [32mBase de dados conectada com sucesso.[39m
2023-09-04 02:02:16:216 - [33mwarn[39m: [33mSQLITE_ERROR: table example already exists[39m
2023-09-04 02:02:25:225 - [32minfo[39m: [32mAplicação está funcionando na porta: 3000[39m
2023-09-04 02:02:25:225 - [32minfo[39m: [32mBase de dados conectada com sucesso.[39m
2023-09-04 02:02:25:225 - [33mwarn[39m: [33mSQLITE_ERROR: table example already exists[39m
2023-09-04 02:02:47:247 - [32minfo[39m: [32mPOST /api/users 404 149 - 2.710 ms[39m
[32m[39m
2023-09-04 02:02:56:256 - [32minfo[39m: [32mPOST /api/file 200 22 - 2.105 ms[39m
[32m[39m
2023-09-04 02:04:31:431 - [32minfo[39m: [32mAplicação está funcionando na porta: 3000[39m
2023-09-04 02:04:31:431 - [32minfo[39m: [32mBase de dados conectada com sucesso.[39m
2023-09-04 02:04:31:431 - [33mwarn[39m: [33mSQLITE_ERROR: table example already exists[39m
2023-09-04 02:04:35:435 - [32minfo[39m: [32mGET /api/user 404 147 - 4.033 ms[39m
[32m[39m
2023-09-04 02:04:38:438 - [32minfo[39m: [32mGET /api/users 200 10 - 1.825 ms[39m
[32m[39m
2023-09-04 02:04:43:443 - [32minfo[39m: [32mAplicação está funcionando na porta: 3000[39m
2023-09-04 02:04:43:443 - [32minfo[39m: [32mBase de dados conectada com sucesso.[39m
2023-09-04 02:04:43:443 - [33mwarn[39m: [33mSQLITE_ERROR: table example already exists[39m
2023-09-04 02:23:48:2348 - [32minfo[39m: [32mAplicação está funcionando na porta: 3000[39m
2023-09-04 02:23:48:2348 - [32minfo[39m: [32mBase de dados conectada com sucesso.[39m
2023-09-04 02:23:48:2348 - [33mwarn[39m: [33mSQLITE_ERROR: table example already exists[39m
2023-09-04 02:26:07:267 - [32minfo[39m: [32mAplicação está funcionando na porta: 3000[39m
2023-09-04 02:26:07:267 - [32minfo[39m: [32mBase de dados conectada com sucesso.[39m
2023-09-04 02:26:07:267 - [33mwarn[39m: [33mSQLITE_ERROR: table example already exists[39m
2023-09-04 02:26:09:269 - [32minfo[39m: [32mAplicação está funcionando na porta: 3000[39m
2023-09-04 02:26:09:269 - [32minfo[39m: [32mBase de dados conectada com sucesso.[39m
2023-09-04 02:26:09:269 - [33mwarn[39m: [33mSQLITE_ERROR: table example already exists[39m
2023-09-04 02:31:53:3153 - [32minfo[39m: [32mAplicação está funcionando na porta: 3000[39m
2023-09-04 02:31:53:3153 - [32minfo[39m: [32mBase de dados conectada com sucesso.[39m
2023-09-04 02:31:53:3153 - [33mwarn[39m: [33mSQLITE_ERROR: table example already exists[39m
2023-09-04 02:32:17:3217 - [32minfo[39m: [32mAplicação está funcionando na porta: 3000[39m
2023-09-04 02:32:17:3217 - [32minfo[39m: [32mBase de dados conectada com sucesso.[39m
2023-09-04 02:32:17:3217 - [33mwarn[39m: [33mSQLITE_ERROR: table example already exists[39m
2023-09-04 02:33:59:3359 - [32minfo[39m: [32mAplicação está funcionando na porta: 3000[39m
2023-09-04 02:33:59:3359 - [32minfo[39m: [32mBase de dados conectada com sucesso.[39m
2023-09-04 02:33:59:3359 - [33mwarn[39m: [33mSQLITE_ERROR: table example already exists[39m
2023-09-04 02:39:14:3914 - [32minfo[39m: [32mAplicação está funcionando na porta: 3000[39m
2023-09-04 02:39:14:3914 - [32minfo[39m: [32mBase de dados conectada com sucesso.[39m
2023-09-04 02:39:14:3914 - [33mwarn[39m: [33mSQLITE_ERROR: table example already exists[39m
2023-09-04 02:39:43:3943 - [32minfo[39m: [32mAplicação está funcionando na porta: 3000[39m
2023-09-04 02:39:43:3943 - [32minfo[39m: [32mBase de dados conectada com sucesso.[39m
2023-09-04 02:39:43:3943 - [33mwarn[39m: [33mSQLITE_ERROR: table example already exists[39m
2023-09-04 02:40:16:4016 - [32minfo[39m: [32mAplicação está funcionando na porta: 3000[39m
2023-09-04 02:40:16:4016 - [32minfo[39m: [32mBase de dados conectada com sucesso.[39m
2023-09-04 02:40:16:4016 - [33mwarn[39m: [33mSQLITE_ERROR: table example already exists[39m
2023-09-04 02:40:33:4033 - [32minfo[39m: [32mAplicação está funcionando na porta: 3000[39m
2023-09-04 02:40:33:4033 - [32minfo[39m: [32mBase de dados conectada com sucesso.[39m
2023-09-04 02:40:33:4033 - [33mwarn[39m: [33mSQLITE_ERROR: table example already exists[39m
2023-09-04 02:43:43:4343 - [32minfo[39m: [32mAplicação está funcionando na porta: 3000[39m
2023-09-04 02:43:43:4343 - [32minfo[39m: [32mBase de dados conectada com sucesso.[39m
2023-09-04 02:43:43:4343 - [33mwarn[39m: [33mSQLITE_ERROR: table example already exists[39m
2023-09-04 02:49:17:4917 - [32minfo[39m: [32mAplicação está funcionando na porta: 3000[39m
2023-09-04 02:49:17:4917 - [32minfo[39m: [32mBase de dados conectada com sucesso.[39m
2023-09-04 02:49:17:4917 - [33mwarn[39m: [33mSQLITE_ERROR: table example already exists[39m
2023-09-04 02:49:39:4939 - [32minfo[39m: [32mPOST /api/file 500 1671 - 10.758 ms[39m
[32m[39m
2023-09-04 02:49:50:4950 - [32minfo[39m: [32mPOST /api/file 500 1671 - 2.744 ms[39m
[32m[39m
2023-09-04 02:50:25:5025 - [32minfo[39m: [32mAplicação está funcionando na porta: 3000[39m
2023-09-04 02:50:25:5025 - [32minfo[39m: [32mBase de dados conectada com sucesso.[39m
2023-09-04 02:50:25:5025 - [33mwarn[39m: [33mSQLITE_ERROR: table example already exists[39m
2023-09-04 02:50:28:5028 - [32minfo[39m: [32mPOST /api/file 500 1671 - 11.170 ms[39m
[32m[39m
2023-09-04 02:50:42:5042 - [32minfo[39m: [32mAplicação está funcionando na porta: 3000[39m
2023-09-04 02:50:42:5042 - [32minfo[39m: [32mBase de dados conectada com sucesso.[39m
2023-09-04 02:50:42:5042 - [33mwarn[39m: [33mSQLITE_ERROR: table example already exists[39m
2023-09-04 02:50:45:5045 - [32minfo[39m: [32mPOST /api/file 500 1671 - 9.619 ms[39m
[32m[39m
2023-09-04 02:51:14:5114 - [32minfo[39m: [32mAplicação está funcionando na porta: 3000[39m
2023-09-04 02:51:14:5114 - [32minfo[39m: [32mBase de dados conectada com sucesso.[39m
2023-09-04 02:51:14:5114 - [33mwarn[39m: [33mSQLITE_ERROR: table example already exists[39m
2023-09-04 02:51:17:5117 - [32minfo[39m: [32mPOST /api/file 500 1671 - 16.321 ms[39m
[32m[39m
2023-09-04 02:51:24:5124 - [32minfo[39m: [32mAplicação está funcionando na porta: 3000[39m
2023-09-04 02:51:24:5124 - [32minfo[39m: [32mBase de dados conectada com sucesso.[39m
2023-09-04 02:51:24:5124 - [33mwarn[39m: [33mSQLITE_ERROR: table example already exists[39m
2023-09-04 02:51:26:5126 - [32minfo[39m: [32mPOST /api/file 500 1671 - 14.028 ms[39m
[32m[39m
2023-09-04 02:53:20:5320 - [32minfo[39m: [32mAplicação está funcionando na porta: 3000[39m
2023-09-04 02:53:20:5320 - [32minfo[39m: [32mBase de dados conectada com sucesso.[39m
2023-09-04 02:53:20:5320 - [33mwarn[39m: [33mSQLITE_ERROR: table example already exists[39m
2023-09-04 02:53:23:5323 - [32minfo[39m: [32mPOST /api/file 500 1671 - 16.225 ms[39m
[32m[39m
2023-09-04 02:54:05:545 - [32minfo[39m: [32mAplicação está funcionando na porta: 3000[39m
2023-09-04 02:54:05:545 - [32minfo[39m: [32mBase de dados conectada com sucesso.[39m
2023-09-04 02:54:05:545 - [33mwarn[39m: [33mSQLITE_ERROR: table example already exists[39m
2023-09-04 02:54:12:5412 - [32minfo[39m: [32mPOST /api/file 500 1671 - 9.358 ms[39m
[32m[39m
2023-09-04 02:54:18:5418 - [32minfo[39m: [32mAplicação está funcionando na porta: 3000[39m
2023-09-04 02:54:18:5418 - [32minfo[39m: [32mBase de dados conectada com sucesso.[39m
2023-09-04 02:54:18:5418 - [33mwarn[39m: [33mSQLITE_ERROR: table example already exists[39m
2023-09-04 02:54:21:5421 - [32minfo[39m: [32mPOST /api/file 500 1671 - 17.339 ms[39m
[32m[39m
2023-09-04 02:54:31:5431 - [32minfo[39m: [32mPOST /api/file 500 1671 - 5.782 ms[39m
[32m[39m
2023-09-04 02:54:44:5444 - [32minfo[39m: [32mAplicação está funcionando na porta: 3000[39m
2023-09-04 02:54:44:5444 - [32minfo[39m: [32mBase de dados conectada com sucesso.[39m
2023-09-04 02:54:44:5444 - [33mwarn[39m: [33mSQLITE_ERROR: table example already exists[39m
2023-09-04 02:54:51:5451 - [32minfo[39m: [32mPOST /api/file 500 367 - 8.452 ms[39m
[32m[39m
2023-09-04 02:55:01:551 - [32minfo[39m: [32mPOST /api/file 500 320 - 4.982 ms[39m
[32m[39m
2023-09-04 02:55:54:5554 - [32minfo[39m: [32mAplicação está funcionando na porta: 3000[39m
2023-09-04 02:55:54:5554 - [32minfo[39m: [32mBase de dados conectada com sucesso.[39m
2023-09-04 02:55:54:5554 - [33mwarn[39m: [33mSQLITE_ERROR: table example already exists[39m
2023-09-04 02:56:02:562 - [32minfo[39m: [32mAplicação está funcionando na porta: 3000[39m
2023-09-04 02:56:02:562 - [32minfo[39m: [32mBase de dados conectada com sucesso.[39m
2023-09-04 02:56:02:562 - [33mwarn[39m: [33mSQLITE_ERROR: table example already exists[39m
2023-09-04 02:56:05:565 - [32minfo[39m: [32mPOST /api/file 500 320 - 8.637 ms[39m
[32m[39m
2023-09-04 02:56:12:5612 - [32minfo[39m: [32mPOST /api/file 500 303 - 2.619 ms[39m
[32m[39m
2023-09-04 02:57:05:575 - [32minfo[39m: [32mAplicação está funcionando na porta: 3000[39m
2023-09-04 02:57:05:575 - [32minfo[39m: [32mBase de dados conectada com sucesso.[39m
2023-09-04 02:57:05:575 - [33mwarn[39m: [33mSQLITE_ERROR: table example already exists[39m
2023-09-04 02:57:07:577 - [32minfo[39m: [32mPOST /api/file 200 22 - 15.184 ms[39m
[32m[39m
2023-09-04 02:57:30:5730 - [32minfo[39m: [32mAplicação está funcionando na porta: 3000[39m
2023-09-04 02:57:30:5730 - [32minfo[39m: [32mBase de dados conectada com sucesso.[39m
2023-09-04 02:57:30:5730 - [33mwarn[39m: [33mSQLITE_ERROR: table example already exists[39m
2023-09-04 02:57:46:5746 - [32minfo[39m: [32mAplicação está funcionando na porta: 3000[39m
2023-09-04 02:57:46:5746 - [32minfo[39m: [32mBase de dados conectada com sucesso.[39m
2023-09-04 02:57:46:5746 - [33mwarn[39m: [33mSQLITE_ERROR: table example already exists[39m
2023-09-04 02:57:48:5748 - [32minfo[39m: [32mPOST /api/file 200 287749 - 23.691 ms[39m
[32m[39m
2023-09-04 02:57:58:5758 - [32minfo[39m: [32mPOST /api/file 200 275 - 4.932 ms[39m
[32m[39m
2023-09-04 03:05:25:525 - [32minfo[39m: [32mAplicação está funcionando na porta: 3000[39m
2023-09-04 03:05:25:525 - [32minfo[39m: [32mBase de dados conectada com sucesso.[39m
2023-09-04 03:05:25:525 - [33mwarn[39m: [33mSQLITE_ERROR: table example already exists[39m
2023-09-04 03:05:38:538 - [32minfo[39m: [32mAplicação está funcionando na porta: 3000[39m
2023-09-04 03:05:38:538 - [32minfo[39m: [32mBase de dados conectada com sucesso.[39m
2023-09-04 03:05:38:538 - [33mwarn[39m: [33mSQLITE_ERROR: table example already exists[39m
2023-09-04 03:06:14:614 - [32minfo[39m: [32mAplicação está funcionando na porta: 3000[39m
2023-09-04 03:06:14:614 - [32minfo[39m: [32mBase de dados conectada com sucesso.[39m
2023-09-04 03:06:14:614 - [33mwarn[39m: [33mSQLITE_ERROR: table example already exists[39m
2023-09-04 03:08:34:834 - [32minfo[39m: [32mAplicação está funcionando na porta: 3000[39m
2023-09-04 03:08:34:834 - [32minfo[39m: [32mBase de dados conectada com sucesso.[39m
2023-09-04 03:08:34:834 - [33mwarn[39m: [33mSQLITE_ERROR: table example already exists[39m
2023-09-04 03:08:52:852 - [32minfo[39m: [32mAplicação está funcionando na porta: 3000[39m
2023-09-04 03:08:52:852 - [32minfo[39m: [32mBase de dados conectada com sucesso.[39m
2023-09-04 03:08:52:852 - [33mwarn[39m: [33mSQLITE_ERROR: table example already exists[39m
2023-09-04 03:08:58:858 - [32minfo[39m: [32mAplicação está funcionando na porta: 3000[39m
2023-09-04 03:08:58:858 - [32minfo[39m: [32mBase de dados conectada com sucesso.[39m
2023-09-04 03:08:58:858 - [33mwarn[39m: [33mSQLITE_ERROR: table example already exists[39m
2023-09-04 03:09:25:925 - [32minfo[39m: [32mAplicação está funcionando na porta: 3000[39m
2023-09-04 03:09:25:925 - [32minfo[39m: [32mBase de dados conectada com sucesso.[39m
2023-09-04 03:09:25:925 - [33mwarn[39m: [33mSQLITE_ERROR: table example already exists[39m
2023-09-04 03:09:33:933 - [32minfo[39m: [32mAplicação está funcionando na porta: 3000[39m
2023-09-04 03:09:33:933 - [32minfo[39m: [32mBase de dados conectada com sucesso.[39m
2023-09-04 03:09:33:933 - [33mwarn[39m: [33mSQLITE_ERROR: table example already exists[39m
2023-09-04 03:09:36:936 - [32minfo[39m: [32mAplicação está funcionando na porta: 3000[39m
2023-09-04 03:09:36:936 - [32minfo[39m: [32mBase de dados conectada com sucesso.[39m
2023-09-04 03:09:36:936 - [33mwarn[39m: [33mSQLITE_ERROR: table example already exists[39m
2023-09-04 03:09:42:942 - [32minfo[39m: [32mAplicação está funcionando na porta: 3000[39m
2023-09-04 03:09:42:942 - [32minfo[39m: [32mBase de dados conectada com sucesso.[39m
2023-09-04 03:09:42:942 - [33mwarn[39m: [33mSQLITE_ERROR: table example already exists[39m
2023-09-04 03:09:47:947 - [32minfo[39m: [32mAplicação está funcionando na porta: 3000[39m
2023-09-04 03:09:47:947 - [32minfo[39m: [32mBase de dados conectada com sucesso.[39m
2023-09-04 03:09:47:947 - [33mwarn[39m: [33mSQLITE_ERROR: table example already exists[39m
2023-09-04 03:09:48:948 - [32minfo[39m: [32mAplicação está funcionando na porta: 3000[39m
2023-09-04 03:09:48:948 - [32minfo[39m: [32mBase de dados conectada com sucesso.[39m
2023-09-04 03:09:48:948 - [33mwarn[39m: [33mSQLITE_ERROR: table example already exists[39m
2023-09-04 03:09:54:954 - [32minfo[39m: [32mAplicação está funcionando na porta: 3000[39m
2023-09-04 03:09:54:954 - [32minfo[39m: [32mBase de dados conectada com sucesso.[39m
2023-09-04 03:09:54:954 - [33mwarn[39m: [33mSQLITE_ERROR: table example already exists[39m
2023-09-04 03:10:04:104 - [32minfo[39m: [32mAplicação está funcionando na porta: 3000[39m
2023-09-04 03:10:04:104 - [32minfo[39m: [32mBase de dados conectada com sucesso.[39m
2023-09-04 03:10:04:104 - [33mwarn[39m: [33mSQLITE_ERROR: table example already exists[39m
2023-09-04 03:10:22:1022 - [32minfo[39m: [32mAplicação está funcionando na porta: 3000[39m
2023-09-04 03:10:22:1022 - [32minfo[39m: [32mBase de dados conectada com sucesso.[39m
2023-09-04 03:10:22:1022 - [33mwarn[39m: [33mSQLITE_ERROR: table example already exists[39m
2023-09-04 03:10:33:1033 - [32minfo[39m: [32mAplicação está funcionando na porta: 3000[39m
2023-09-04 03:10:33:1033 - [32minfo[39m: [32mBase de dados conectada com sucesso.[39m
2023-09-04 03:10:33:1033 - [33mwarn[39m: [33mSQLITE_ERROR: table example already exists[39m
2023-09-04 03:10:34:1034 - [32minfo[39m: [32mPOST /api/file 200 275 - 12.303 ms[39m
[32m[39m
2023-09-04 03:11:03:113 - [32minfo[39m: [32mAplicação está funcionando na porta: 3000[39m
2023-09-04 03:11:03:113 - [32minfo[39m: [32mBase de dados conectada com sucesso.[39m
2023-09-04 03:11:03:113 - [33mwarn[39m: [33mSQLITE_ERROR: table example already exists[39m
2023-09-04 03:11:05:115 - [32minfo[39m: [32mPOST /api/file 200 275 - 14.746 ms[39m
[32m[39m
2023-09-04 03:13:17:1317 - [32minfo[39m: [32mAplicação está funcionando na porta: 3000[39m
2023-09-04 03:13:17:1317 - [32minfo[39m: [32mBase de dados conectada com sucesso.[39m
2023-09-04 03:13:17:1317 - [33mwarn[39m: [33mSQLITE_ERROR: table example already exists[39m
2023-09-04 03:16:34:1634 - [32minfo[39m: [32mAplicação está funcionando na porta: 3000[39m
2023-09-04 03:16:34:1634 - [32minfo[39m: [32mBase de dados conectada com sucesso.[39m
2023-09-04 03:16:34:1634 - [33mwarn[39m: [33mSQLITE_ERROR: table example already exists[39m
2023-09-04 03:16:38:1638 - [32minfo[39m: [32mPOST /api/file 500 298 - 8.030 ms[39m
[32m[39m
2023-09-04 03:18:39:1839 - [32minfo[39m: [32mAplicação está funcionando na porta: 3000[39m
2023-09-04 03:18:39:1839 - [32minfo[39m: [32mBase de dados conectada com sucesso.[39m
2023-09-04 03:18:39:1839 - [33mwarn[39m: [33mSQLITE_ERROR: table example already exists[39m
2023-09-04 03:18:41:1841 - [32minfo[39m: [32mPOST /api/file 500 298 - 13.522 ms[39m
[32m[39m
2023-09-04 03:19:42:1942 - [32minfo[39m: [32mAplicação está funcionando na porta: 3000[39m
2023-09-04 03:19:42:1942 - [32minfo[39m: [32mBase de dados conectada com sucesso.[39m
2023-09-04 03:19:42:1942 - [33mwarn[39m: [33mSQLITE_ERROR: table example already exists[39m
2023-09-04 03:19:44:1944 - [32minfo[39m: [32mPOST /api/file 500 298 - 11.111 ms[39m
[32m[39m
2023-09-04 03:19:59:1959 - [32minfo[39m: [32mAplicação está funcionando na porta: 3000[39m
2023-09-04 03:19:59:1959 - [32minfo[39m: [32mBase de dados conectada com sucesso.[39m
2023-09-04 03:19:59:1959 - [33mwarn[39m: [33mSQLITE_ERROR: table example already exists[39m
2023-09-04 03:20:02:202 - [32minfo[39m: [32mPOST /api/file 500 230 - 8.144 ms[39m
[32m[39m
2023-09-04 03:20:14:2014 - [32minfo[39m: [32mPOST /api/file 500 230 - 3.010 ms[39m
[32m[39m
2023-09-04 03:20:33:2033 - [32minfo[39m: [32mPOST /api/file 500 230 - 1.679 ms[39m
[32m[39m
2023-09-04 03:22:27:2227 - [32minfo[39m: [32mAplicação está funcionando na porta: 3000[39m
2023-09-04 03:22:27:2227 - [32minfo[39m: [32mBase de dados conectada com sucesso.[39m
2023-09-04 03:22:27:2227 - [33mwarn[39m: [33mSQLITE_ERROR: table example already exists[39m
2023-09-04 03:22:29:2229 - [32minfo[39m: [32mPOST /api/file 200 416 - 21.530 ms[39m
[32m[39m
2023-09-04 03:24:08:248 - [32minfo[39m: [32mAplicação está funcionando na porta: 3000[39m
2023-09-04 03:24:08:248 - [32minfo[39m: [32mBase de dados conectada com sucesso.[39m
2023-09-04 03:24:08:248 - [33mwarn[39m: [33mSQLITE_ERROR: table example already exists[39m
2023-09-04 03:24:13:2413 - [32minfo[39m: [32mAplicação está funcionando na porta: 3000[39m
2023-09-04 03:24:13:2413 - [32minfo[39m: [32mBase de dados conectada com sucesso.[39m
2023-09-04 03:24:13:2413 - [33mwarn[39m: [33mSQLITE_ERROR: table example already exists[39m
2023-09-04 03:24:16:2416 - [32minfo[39m: [32mPOST /api/file 200 416 - 21.412 ms[39m
[32m[39m
2023-09-04 03:24:52:2452 - [32minfo[39m: [32mAplicação está funcionando na porta: 3000[39m
2023-09-04 03:24:52:2452 - [32minfo[39m: [32mBase de dados conectada com sucesso.[39m
2023-09-04 03:24:52:2452 - [33mwarn[39m: [33mSQLITE_ERROR: table example already exists[39m
2023-09-04 03:24:57:2457 - [32minfo[39m: [32mAplicação está funcionando na porta: 3000[39m
2023-09-04 03:24:57:2457 - [32minfo[39m: [32mBase de dados conectada com sucesso.[39m
2023-09-04 03:24:57:2457 - [33mwarn[39m: [33mSQLITE_ERROR: table example already exists[39m
2023-09-04 03:25:02:252 - [32minfo[39m: [32mPOST /api/file 200 416 - 24.597 ms[39m
[32m[39m
2023-09-04 03:25:18:2518 - [32minfo[39m: [32mAplicação está funcionando na porta: 3000[39m
2023-09-04 03:25:18:2518 - [32minfo[39m: [32mBase de dados conectada com sucesso.[39m
2023-09-04 03:25:18:2518 - [33mwarn[39m: [33mSQLITE_ERROR: table example already exists[39m
2023-09-04 03:25:21:2521 - [32minfo[39m: [32mPOST /api/file 200 - - 29.916 ms[39m
[32m[39m
2023-09-04 03:26:19:2619 - [32minfo[39m: [32mPOST /api/file 200 - - 7.978 ms[39m
[32m[39m
2023-09-04 03:28:55:2855 - [32minfo[39m: [32mAplicação está funcionando na porta: 3000[39m
2023-09-04 03:28:55:2855 - [32minfo[39m: [32mBase de dados conectada com sucesso.[39m
2023-09-04 03:28:55:2855 - [33mwarn[39m: [33mSQLITE_ERROR: table example already exists[39m
2023-09-04 03:28:57:2857 - [32minfo[39m: [32mPOST /api/file 200 - - 17.643 ms[39m
[32m[39m
2023-09-04 03:32:10:3210 - [32minfo[39m: [32mPOST /api/file 200 - - 6.640 ms[39m
[32m[39m
2023-09-04 03:32:35:3235 - [32minfo[39m: [32mPOST /api/file 200 - - 6.046 ms[39m
[32m[39m
2023-09-04 03:33:56:3356 - [32minfo[39m: [32mAplicação está funcionando na porta: 3000[39m
2023-09-04 03:33:56:3356 - [32minfo[39m: [32mBase de dados conectada com sucesso.[39m
2023-09-04 03:33:56:3356 - [33mwarn[39m: [33mSQLITE_ERROR: table example already exists[39m
2023-09-04 03:34:00:340 - [32minfo[39m: [32mAplicação está funcionando na porta: 3000[39m
2023-09-04 03:34:00:340 - [32minfo[39m: [32mBase de dados conectada com sucesso.[39m
2023-09-04 03:34:00:340 - [33mwarn[39m: [33mSQLITE_ERROR: table example already exists[39m
2023-09-04 03:34:02:342 - [32minfo[39m: [32mPOST /api/file 200 131 - 10.976 ms[39m
[32m[39m
2023-09-04 03:37:02:372 - [32minfo[39m: [32mAplicação está funcionando na porta: 3000[39m
2023-09-04 03:37:02:372 - [32minfo[39m: [32mBase de dados conectada com sucesso.[39m
2023-09-04 03:37:02:372 - [33mwarn[39m: [33mSQLITE_ERROR: table example already exists[39m
2023-09-04 03:37:16:3716 - [32minfo[39m: [32mAplicação está funcionando na porta: 3000[39m
2023-09-04 03:37:16:3716 - [32minfo[39m: [32mBase de dados conectada com sucesso.[39m
2023-09-04 03:37:16:3716 - [33mwarn[39m: [33mSQLITE_ERROR: table example already exists[39m
2023-09-04 03:37:32:3732 - [32minfo[39m: [32mAplicação está funcionando na porta: 3000[39m
2023-09-04 03:37:32:3732 - [32minfo[39m: [32mBase de dados conectada com sucesso.[39m
2023-09-04 03:37:32:3732 - [33mwarn[39m: [33mSQLITE_ERROR: table example already exists[39m
2023-09-04 03:37:50:3750 - [32minfo[39m: [32mAplicação está funcionando na porta: 3000[39m
2023-09-04 03:37:50:3750 - [32minfo[39m: [32mBase de dados conectada com sucesso.[39m
2023-09-04 03:37:50:3750 - [33mwarn[39m: [33mSQLITE_ERROR: table example already exists[39m
2023-09-04 03:37:53:3753 - [32minfo[39m: [32mAplicação está funcionando na porta: 3000[39m
2023-09-04 03:37:53:3753 - [32minfo[39m: [32mBase de dados conectada com sucesso.[39m
2023-09-04 03:37:53:3753 - [33mwarn[39m: [33mSQLITE_ERROR: table example already exists[39m
2023-09-04 03:38:10:3810 - [32minfo[39m: [32mAplicação está funcionando na porta: 3000[39m
2023-09-04 03:38:10:3810 - [32minfo[39m: [32mBase de dados conectada com sucesso.[39m
2023-09-04 03:38:10:3810 - [33mwarn[39m: [33mSQLITE_ERROR: table example already exists[39m
2023-09-04 03:38:12:3812 - [32minfo[39m: [32mAplicação está funcionando na porta: 3000[39m
2023-09-04 03:38:12:3812 - [32minfo[39m: [32mBase de dados conectada com sucesso.[39m
2023-09-04 03:38:12:3812 - [33mwarn[39m: [33mSQLITE_ERROR: table example already exists[39m
2023-09-04 03:38:25:3825 - [32minfo[39m: [32mAplicação está funcionando na porta: 3000[39m
2023-09-04 03:38:25:3825 - [32minfo[39m: [32mBase de dados conectada com sucesso.[39m
2023-09-04 03:38:25:3825 - [33mwarn[39m: [33mSQLITE_ERROR: table example already exists[39m
2023-09-04 03:48:26:4826 - [32minfo[39m: [32mAplicação está funcionando na porta: 3000[39m
2023-09-04 03:48:26:4826 - [32minfo[39m: [32mBase de dados conectada com sucesso.[39m
2023-09-04 03:48:26:4826 - [33mwarn[39m: [33mSQLITE_ERROR: table example already exists[39m
2023-09-04 03:48:27:4827 - [32minfo[39m: [32mPOST /api/file 200 416 - 20.005 ms[39m
[32m[39m
2023-09-04 03:50:17:5017 - [32minfo[39m: [32mAplicação está funcionando na porta: 3000[39m
2023-09-04 03:50:17:5017 - [32minfo[39m: [32mBase de dados conectada com sucesso.[39m
2023-09-04 03:50:17:5017 - [33mwarn[39m: [33mSQLITE_ERROR: table example already exists[39m
2023-09-04 03:51:05:515 - [32minfo[39m: [32mAplicação está funcionando na porta: 3000[39m
2023-09-04 03:51:05:515 - [32minfo[39m: [32mBase de dados conectada com sucesso.[39m
2023-09-04 03:51:05:515 - [33mwarn[39m: [33mSQLITE_ERROR: table example already exists[39m
2023-09-04 03:51:09:519 - [32minfo[39m: [32mPOST /api/file 200 416 - 22.672 ms[39m
[32m[39m
2023-09-04 03:51:43:5143 - [32minfo[39m: [32mAplicação está funcionando na porta: 3000[39m
2023-09-04 03:51:43:5143 - [32minfo[39m: [32mBase de dados conectada com sucesso.[39m
2023-09-04 03:51:43:5143 - [33mwarn[39m: [33mSQLITE_ERROR: table example already exists[39m
2023-09-04 03:52:27:5227 - [32minfo[39m: [32mAplicação está funcionando na porta: 3000[39m
2023-09-04 03:52:27:5227 - [32minfo[39m: [32mBase de dados conectada com sucesso.[39m
2023-09-04 03:52:27:5227 - [33mwarn[39m: [33mSQLITE_ERROR: table example already exists[39m
2023-09-04 03:52:33:5233 - [32minfo[39m: [32mAplicação está funcionando na porta: 3000[39m
2023-09-04 03:52:33:5233 - [32minfo[39m: [32mBase de dados conectada com sucesso.[39m
2023-09-04 03:52:33:5233 - [33mwarn[39m: [33mSQLITE_ERROR: table example already exists[39m
2023-09-04 03:53:23:5323 - [32minfo[39m: [32mAplicação está funcionando na porta: 3000[39m
2023-09-04 03:53:23:5323 - [32minfo[39m: [32mBase de dados conectada com sucesso.[39m
2023-09-04 03:53:23:5323 - [33mwarn[39m: [33mSQLITE_ERROR: table example already exists[39m
2023-09-04 03:53:39:5339 - [32minfo[39m: [32mAplicação está funcionando na porta: 3000[39m
2023-09-04 03:53:39:5339 - [32minfo[39m: [32mBase de dados conectada com sucesso.[39m
2023-09-04 03:53:39:5339 - [33mwarn[39m: [33mSQLITE_ERROR: table example already exists[39m
2023-09-04 03:53:41:5341 - [32minfo[39m: [32mAplicação está funcionando na porta: 3000[39m
2023-09-04 03:53:41:5341 - [32minfo[39m: [32mBase de dados conectada com sucesso.[39m
2023-09-04 03:53:41:5341 - [33mwarn[39m: [33mSQLITE_ERROR: table example already exists[39m
2023-09-04 03:53:53:5353 - [32minfo[39m: [32mAplicação está funcionando na porta: 3000[39m
2023-09-04 03:53:53:5353 - [32minfo[39m: [32mBase de dados conectada com sucesso.[39m
2023-09-04 03:53:53:5353 - [33mwarn[39m: [33mSQLITE_ERROR: table example already exists[39m
2023-09-04 03:53:58:5358 - [32minfo[39m: [32mAplicação está funcionando na porta: 3000[39m
2023-09-04 03:53:58:5358 - [32minfo[39m: [32mBase de dados conectada com sucesso.[39m
2023-09-04 03:53:58:5358 - [33mwarn[39m: [33mSQLITE_ERROR: table example already exists[39m
2023-09-04 03:54:31:5431 - [32minfo[39m: [32mAplicação está funcionando na porta: 3000[39m
2023-09-04 03:54:31:5431 - [32minfo[39m: [32mBase de dados conectada com sucesso.[39m
2023-09-04 03:54:31:5431 - [33mwarn[39m: [33mSQLITE_ERROR: table example already exists[39m
2023-09-04 03:54:41:5441 - [32minfo[39m: [32mAplicação está funcionando na porta: 3000[39m
2023-09-04 03:54:41:5441 - [32minfo[39m: [32mBase de dados conectada com sucesso.[39m
2023-09-04 03:54:41:5441 - [33mwarn[39m: [33mSQLITE_ERROR: table example already exists[39m
2023-09-04 03:55:18:5518 - [32minfo[39m: [32mAplicação está funcionando na porta: 3000[39m
2023-09-04 03:55:18:5518 - [32minfo[39m: [32mBase de dados conectada com sucesso.[39m
2023-09-04 03:55:18:5518 - [33mwarn[39m: [33mSQLITE_ERROR: table example already exists[39m
2023-09-04 03:55:24:5524 - [32minfo[39m: [32mAplicação está funcionando na porta: 3000[39m
2023-09-04 03:55:24:5524 - [32minfo[39m: [32mBase de dados conectada com sucesso.[39m
2023-09-04 03:55:24:5524 - [33mwarn[39m: [33mSQLITE_ERROR: table example already exists[39m
2023-09-04 03:55:25:5525 - [32minfo[39m: [32mPOST /api/file 200 131 - 28.110 ms[39m
[32m[39m
2023-09-04 03:56:17:5617 - [32minfo[39m: [32mAplicação está funcionando na porta: 3000[39m
2023-09-04 03:56:17:5617 - [32minfo[39m: [32mBase de dados conectada com sucesso.[39m
2023-09-04 03:56:17:5617 - [33mwarn[39m: [33mSQLITE_ERROR: table example already exists[39m
2023-09-04 03:56:19:5619 - [32minfo[39m: [32mAplicação está funcionando na porta: 3000[39m
2023-09-04 03:56:19:5619 - [32minfo[39m: [32mBase de dados conectada com sucesso.[39m
2023-09-04 03:56:19:5619 - [33mwarn[39m: [33mSQLITE_ERROR: table example already exists[39m
2023-09-04 03:56:23:5623 - [32minfo[39m: [32mPOST /api/file 200 131 - 16.755 ms[39m
[32m[39m
2023-09-04 03:57:10:5710 - [32minfo[39m: [32mAplicação está funcionando na porta: 3000[39m
2023-09-04 03:57:10:5710 - [32minfo[39m: [32mBase de dados conectada com sucesso.[39m
2023-09-04 03:57:10:5710 - [33mwarn[39m: [33mSQLITE_ERROR: table example already exists[39m
2023-09-04 03:57:12:5712 - [32minfo[39m: [32mPOST /api/file 200 131 - 17.881 ms[39m
[32m[39m
2023-09-04 03:57:31:5731 - [32minfo[39m: [32mAplicação está funcionando na porta: 3000[39m
2023-09-04 03:57:31:5731 - [32minfo[39m: [32mBase de dados conectada com sucesso.[39m
2023-09-04 03:57:31:5731 - [33mwarn[39m: [33mSQLITE_ERROR: table example already exists[39m
2023-09-04 03:57:57:5757 - [32minfo[39m: [32mPOST /api/file 200 130 - 20.432 ms[39m
[32m[39m
2023-09-04 04:11:19:1119 - [32minfo[39m: [32mAplicação está funcionando na porta: 3000[39m
2023-09-04 04:11:19:1119 - [32minfo[39m: [32mBase de dados conectada com sucesso.[39m
2023-09-04 04:11:19:1119 - [33mwarn[39m: [33mSQLITE_ERROR: table example already exists[39m
2023-09-04 04:11:27:1127 - [32minfo[39m: [32mPOST /api/file 200 131 - 50.389 ms[39m
[32m[39m
2023-09-04 04:12:29:1229 - [32minfo[39m: [32mPOST /api/file 200 131 - 7.595 ms[39m
[32m[39m
2023-09-04 04:17:25:1725 - [32minfo[39m: [32mPOST /api/file 200 131 - 11.457 ms[39m
[32m[39m
2023-09-04 04:30:58:3058 - [32minfo[39m: [32mAplicação está funcionando na porta: 3000[39m
2023-09-04 04:30:58:3058 - [32minfo[39m: [32mBase de dados conectada com sucesso.[39m
2023-09-04 04:30:58:3058 - [33mwarn[39m: [33mSQLITE_ERROR: table example already exists[39m
2023-09-04 04:30:59:3059 - [32minfo[39m: [32mPOST /api/file 200 131 - 23.523 ms[39m
[32m[39m
2023-09-04 04:31:08:318 - [32minfo[39m: [32mAplicação está funcionando na porta: 3000[39m
2023-09-04 04:31:08:318 - [32minfo[39m: [32mBase de dados conectada com sucesso.[39m
2023-09-04 04:31:08:318 - [33mwarn[39m: [33mSQLITE_ERROR: table example already exists[39m
2023-09-04 04:31:11:3111 - [32minfo[39m: [32mAplicação está funcionando na porta: 3000[39m
2023-09-04 04:31:11:3111 - [32minfo[39m: [32mBase de dados conectada com sucesso.[39m
2023-09-04 04:31:11:3111 - [33mwarn[39m: [33mSQLITE_ERROR: table example already exists[39m
2023-09-04 04:34:07:347 - [32minfo[39m: [32mAplicação está funcionando na porta: 3000[39m
2023-09-04 04:34:07:347 - [32minfo[39m: [32mBase de dados conectada com sucesso.[39m
2023-09-04 04:34:08:348 - [32minfo[39m: [32mTabela itens criada com sucesso.[39m
2023-09-04 04:35:32:3532 - [32minfo[39m: [32mAplicação está funcionando na porta: 3000[39m
2023-09-04 04:35:32:3532 - [32minfo[39m: [32mBase de dados conectada com sucesso.[39m
2023-09-04 04:35:32:3532 - [33mwarn[39m: [33mSQLITE_ERROR: table files already exists[39m
2023-09-04 04:35:36:3536 - [32minfo[39m: [32mPOST /api/file 200 131 - 119.639 ms[39m
[32m[39m
2023-09-04 04:36:08:368 - [32minfo[39m: [32mAplicação está funcionando na porta: 3000[39m
2023-09-04 04:36:08:368 - [32minfo[39m: [32mBase de dados conectada com sucesso.[39m
2023-09-04 04:36:08:368 - [33mwarn[39m: [33mSQLITE_ERROR: table files already exists[39m
2023-09-04 04:40:22:4022 - [32minfo[39m: [32mAplicação está funcionando na porta: 3000[39m
2023-09-04 04:40:22:4022 - [32minfo[39m: [32mBase de dados conectada com sucesso.[39m
2023-09-04 04:40:22:4022 - [33mwarn[39m: [33mSQLITE_ERROR: table files already exists[39m
2023-09-04 04:40:30:4030 - [32minfo[39m: [32mAplicação está funcionando na porta: 3000[39m
2023-09-04 04:40:30:4030 - [32minfo[39m: [32mBase de dados conectada com sucesso.[39m
2023-09-04 04:40:30:4030 - [33mwarn[39m: [33mSQLITE_ERROR: table files already exists[39m
2023-09-04 04:40:38:4038 - [32minfo[39m: [32mAplicação está funcionando na porta: 3000[39m
2023-09-04 04:40:38:4038 - [32minfo[39m: [32mBase de dados conectada com sucesso.[39m
2023-09-04 04:40:38:4038 - [33mwarn[39m: [33mSQLITE_ERROR: table files already exists[39m
2023-09-04 04:40:44:4044 - [32minfo[39m: [32mPOST /api/file 200 131 - 19.560 ms[39m
[32m[39m
2023-09-04 04:40:44:4044 - [32minfo[39m: [32mDados inseridos com sucesso: Karen Lee[39m
2023-09-04 04:40:44:4044 - [32minfo[39m: [32mDados inseridos com sucesso: Tom Brown[39m
2023-09-04 04:40:44:4044 - [32minfo[39m: [32mDados inseridos com sucesso: Mike Johnson[39m
2023-09-04 04:40:44:4044 - [32minfo[39m: [32mDados inseridos com sucesso: John Doe[39m
2023-09-04 04:40:45:4045 - [32minfo[39m: [32mDados inseridos com sucesso: Jane Smith[39m
2023-09-04 04:45:06:456 - [32minfo[39m: [32mAplicação está funcionando na porta: 3000[39m
2023-09-04 04:45:06:456 - [32minfo[39m: [32mBase de dados conectada com sucesso.[39m
2023-09-04 04:45:06:456 - [33mwarn[39m: [33mSQLITE_ERROR: table files already exists[39m
2023-09-04 04:45:09:459 - [32minfo[39m: [32mAplicação está funcionando na porta: 3000[39m
2023-09-04 04:45:09:459 - [32minfo[39m: [32mBase de dados conectada com sucesso.[39m
2023-09-04 04:45:09:459 - [33mwarn[39m: [33mSQLITE_ERROR: table files already exists[39m
2023-09-04 04:45:22:4522 - [32minfo[39m: [32mAplicação está funcionando na porta: 3000[39m
2023-09-04 04:45:22:4522 - [32minfo[39m: [32mBase de dados conectada com sucesso.[39m
2023-09-04 04:45:22:4522 - [33mwarn[39m: [33mSQLITE_ERROR: table files already exists[39m
2023-09-04 04:45:39:4539 - [32minfo[39m: [32mAplicação está funcionando na porta: 3000[39m
2023-09-04 04:45:39:4539 - [32minfo[39m: [32mBase de dados conectada com sucesso.[39m
2023-09-04 04:45:39:4539 - [33mwarn[39m: [33mSQLITE_ERROR: table files already exists[39m
2023-09-04 04:45:52:4552 - [32minfo[39m: [32mGET /api/users 200 373 - 4.899 ms[39m
[32m[39m
2023-09-04 04:53:47:5347 - [32minfo[39m: [32mAplicação está funcionando na porta: 3000[39m
2023-09-04 04:53:47:5347 - [32minfo[39m: [32mBase de dados conectada com sucesso.[39m
2023-09-04 04:53:47:5347 - [33mwarn[39m: [33mSQLITE_ERROR: table files already exists[39m
2023-09-04 04:54:17:5417 - [32minfo[39m: [32mAplicação está funcionando na porta: 3000[39m
2023-09-04 04:54:17:5417 - [32minfo[39m: [32mBase de dados conectada com sucesso.[39m
2023-09-04 04:54:17:5417 - [33mwarn[39m: [33mSQLITE_ERROR: table files already exists[39m
2023-09-04 04:54:28:5428 - [32minfo[39m: [32mAplicação está funcionando na porta: 3000[39m
2023-09-04 04:54:28:5428 - [32minfo[39m: [32mBase de dados conectada com sucesso.[39m
2023-09-04 04:54:28:5428 - [33mwarn[39m: [33mSQLITE_ERROR: table files already exists[39m
2023-09-04 04:54:33:5433 - [32minfo[39m: [32mGET /api/users?q=123 404 148 - 2.843 ms[39m
[32m[39m
2023-09-04 04:54:38:5438 - [32minfo[39m: [32mAplicação está funcionando na porta: 3000[39m
2023-09-04 04:54:38:5438 - [32minfo[39m: [32mBase de dados conectada com sucesso.[39m
2023-09-04 04:54:38:5438 - [33mwarn[39m: [33mSQLITE_ERROR: table files already exists[39m
2023-09-04 04:54:44:5444 - [32minfo[39m: [32mAplicação está funcionando na porta: 3000[39m
2023-09-04 04:54:45:5445 - [32minfo[39m: [32mBase de dados conectada com sucesso.[39m
2023-09-04 04:54:45:5445 - [33mwarn[39m: [33mSQLITE_ERROR: table files already exists[39m
2023-09-04 04:54:46:5446 - [32minfo[39m: [32mAplicação está funcionando na porta: 3000[39m
2023-09-04 04:54:46:5446 - [32minfo[39m: [32mBase de dados conectada com sucesso.[39m
2023-09-04 04:54:46:5446 - [33mwarn[39m: [33mSQLITE_ERROR: table files already exists[39m
2023-09-04 04:54:49:5449 - [32minfo[39m: [32mGET /api/users?q=123 404 148 - 2.611 ms[39m
[32m[39m
2023-09-04 04:54:55:5455 - [32minfo[39m: [32mGET /api/users/?q=123 404 149 - 1.170 ms[39m
[32m[39m
2023-09-04 04:55:01:551 - [32minfo[39m: [32mAplicação está funcionando na porta: 3000[39m
2023-09-04 04:55:01:551 - [32minfo[39m: [32mBase de dados conectada com sucesso.[39m
2023-09-04 04:55:01:551 - [33mwarn[39m: [33mSQLITE_ERROR: table files already exists[39m
2023-09-04 04:55:04:554 - [32minfo[39m: [32mGET /api/users?q=123 404 148 - 4.668 ms[39m
[32m[39m
2023-09-04 04:55:35:5535 - [32minfo[39m: [32mAplicação está funcionando na porta: 3000[39m
2023-09-04 04:55:35:5535 - [32minfo[39m: [32mBase de dados conectada com sucesso.[39m
2023-09-04 04:55:35:5535 - [33mwarn[39m: [33mSQLITE_ERROR: table files already exists[39m
2023-09-04 04:55:37:5537 - [32minfo[39m: [32mGET /api/users?q=123 404 148 - 2.865 ms[39m
[32m[39m
2023-09-04 04:56:38:5638 - [32minfo[39m: [32mAplicação está funcionando na porta: 3000[39m
2023-09-04 04:56:38:5638 - [32minfo[39m: [32mBase de dados conectada com sucesso.[39m
2023-09-04 04:56:38:5638 - [33mwarn[39m: [33mSQLITE_ERROR: table files already exists[39m
2023-09-04 04:56:45:5645 - [32minfo[39m: [32mGET /api/users?q=123 404 148 - 3.504 ms[39m
[32m[39m
2023-09-04 04:57:04:574 - [32minfo[39m: [32mGET /api/users 404 148 - 1.430 ms[39m
[32m[39m
2023-09-04 04:57:11:5711 - [32minfo[39m: [32mGET /api/users?q=111 404 148 - 0.741 ms[39m
[32m[39m
2023-09-04 04:58:03:583 - [32minfo[39m: [32mGET /api/users?q=teste 404 148 - 0.379 ms[39m
[32m[39m
2023-09-04 04:58:26:5826 - [32minfo[39m: [32mAplicação está funcionando na porta: 3000[39m
2023-09-04 04:58:26:5826 - [32minfo[39m: [32mBase de dados conectada com sucesso.[39m
2023-09-04 04:58:26:5826 - [33mwarn[39m: [33mSQLITE_ERROR: table files already exists[39m
2023-09-04 04:58:33:5833 - [32minfo[39m: [32mGET /api/users/teste 200 373 - 6.754 ms[39m
[32m[39m
2023-09-04 04:58:42:5842 - [32minfo[39m: [32mGET /api/users?id=teste 404 148 - 2.007 ms[39m
[32m[39m
2023-09-04 04:58:44:5844 - [32minfo[39m: [32mGET /api/users?id=teste 404 148 - 1.011 ms[39m
[32m[39m
2023-09-04 04:58:55:5855 - [32minfo[39m: [32mAplicação está funcionando na porta: 3000[39m
2023-09-04 04:58:55:5855 - [32minfo[39m: [32mBase de dados conectada com sucesso.[39m
2023-09-04 04:58:55:5855 - [33mwarn[39m: [33mSQLITE_ERROR: table files already exists[39m
2023-09-04 04:58:56:5856 - [32minfo[39m: [32mGET /api/users?id=teste 404 148 - 4.260 ms[39m
[32m[39m
2023-09-04 04:59:02:592 - [32minfo[39m: [32mGET /api/users/?id=teste 404 149 - 1.337 ms[39m
[32m[39m
2023-09-04 04:59:08:598 - [32minfo[39m: [32mGET /api/users?id=teste 404 148 - 0.733 ms[39m
[32m[39m
2023-09-04 04:59:20:5920 - [32minfo[39m: [32mAplicação está funcionando na porta: 3000[39m
2023-09-04 04:59:20:5920 - [32minfo[39m: [32mBase de dados conectada com sucesso.[39m
2023-09-04 04:59:20:5920 - [33mwarn[39m: [33mSQLITE_ERROR: table files already exists[39m
2023-09-04 04:59:24:5924 - [32minfo[39m: [32mGET /api/users?id=teste 404 148 - 2.612 ms[39m
[32m[39m
2023-09-04 04:59:41:5941 - [32minfo[39m: [32mAplicação está funcionando na porta: 3000[39m
2023-09-04 04:59:41:5941 - [32minfo[39m: [32mBase de dados conectada com sucesso.[39m
2023-09-04 04:59:41:5941 - [33mwarn[39m: [33mSQLITE_ERROR: table files already exists[39m
2023-09-04 05:01:43:143 - [32minfo[39m: [32mAplicação está funcionando na porta: 3000[39m
2023-09-04 05:01:43:143 - [32minfo[39m: [32mBase de dados conectada com sucesso.[39m
2023-09-04 05:01:43:143 - [33mwarn[39m: [33mSQLITE_ERROR: table files already exists[39m
2023-09-04 05:01:50:150 - [32minfo[39m: [32mGET /api/users?id=teste 404 148 - 3.463 ms[39m
[32m[39m
2023-09-04 05:01:52:152 - [32minfo[39m: [32mGET /api/users?id=teste 404 148 - 1.264 ms[39m
[32m[39m
2023-09-04 05:02:11:211 - [32minfo[39m: [32mGET /api/users/tetes 200 19 - 2.356 ms[39m
[32m[39m
2023-09-04 05:02:20:220 - [32minfo[39m: [32mAplicação está funcionando na porta: 3000[39m
2023-09-04 05:02:20:220 - [32minfo[39m: [32mBase de dados conectada com sucesso.[39m
2023-09-04 05:02:20:220 - [33mwarn[39m: [33mSQLITE_ERROR: table files already exists[39m
2023-09-04 05:02:21:221 - [32minfo[39m: [32mGET /api/users/tetes 200 25 - 3.204 ms[39m
[32m[39m
2023-09-04 05:02:27:227 - [32minfo[39m: [32mAplicação está funcionando na porta: 3000[39m
2023-09-04 05:02:27:227 - [32minfo[39m: [32mBase de dados conectada com sucesso.[39m
2023-09-04 05:02:27:227 - [33mwarn[39m: [33mSQLITE_ERROR: table files already exists[39m
2023-09-04 05:02:28:228 - [32minfo[39m: [32mGET /api/users/tetes 200 19 - 3.719 ms[39m
[32m[39m
2023-09-04 05:02:34:234 - [32minfo[39m: [32mGET /api/users/teste 200 19 - 0.644 ms[39m
[32m[39m
2023-09-04 05:02:38:238 - [32minfo[39m: [32mAplicação está funcionando na porta: 3000[39m
2023-09-04 05:02:38:238 - [32minfo[39m: [32mBase de dados conectada com sucesso.[39m
2023-09-04 05:02:38:238 - [33mwarn[39m: [33mSQLITE_ERROR: table files already exists[39m
2023-09-04 05:02:39:239 - [32minfo[39m: [32mAplicação está funcionando na porta: 3000[39m
2023-09-04 05:02:39:239 - [32minfo[39m: [32mBase de dados conectada com sucesso.[39m
2023-09-04 05:02:39:239 - [33mwarn[39m: [33mSQLITE_ERROR: table files already exists[39m
2023-09-04 05:02:40:240 - [32minfo[39m: [32mGET /api/users/teste 200 15 - 2.985 ms[39m
[32m[39m
2023-09-04 05:02:49:249 - [32minfo[39m: [32mAplicação está funcionando na porta: 3000[39m
2023-09-04 05:02:49:249 - [32minfo[39m: [32mBase de dados conectada com sucesso.[39m
2023-09-04 05:02:49:249 - [33mwarn[39m: [33mSQLITE_ERROR: table files already exists[39m
2023-09-04 05:02:51:251 - [32minfo[39m: [32mAplicação está funcionando na porta: 3000[39m
2023-09-04 05:02:51:251 - [32minfo[39m: [32mBase de dados conectada com sucesso.[39m
2023-09-04 05:02:51:251 - [33mwarn[39m: [33mSQLITE_ERROR: table files already exists[39m
2023-09-04 05:02:52:252 - [32minfo[39m: [32mGET /api/users/teste 200 19 - 4.333 ms[39m
[32m[39m
2023-09-04 05:03:00:30 - [32minfo[39m: [32mGET /api/users?id=teste 404 148 - 2.484 ms[39m
[32m[39m
2023-09-04 05:03:28:328 - [32minfo[39m: [32mGET /api/users?id=11 404 148 - 1.876 ms[39m
[32m[39m
2023-09-04 05:05:10:510 - [32minfo[39m: [32mAplicação está funcionando na porta: 3000[39m
2023-09-04 05:05:10:510 - [32minfo[39m: [32mBase de dados conectada com sucesso.[39m
2023-09-04 05:05:10:510 - [33mwarn[39m: [33mSQLITE_ERROR: table files already exists[39m
2023-09-04 05:05:15:515 - [32minfo[39m: [32mGET /api/users?id=teste 200 15 - 3.032 ms[39m
[32m[39m
2023-09-04 05:07:31:731 - [32minfo[39m: [32mAplicação está funcionando na porta: 3000[39m
2023-09-04 05:07:31:731 - [32minfo[39m: [32mBase de dados conectada com sucesso.[39m
2023-09-04 05:07:31:731 - [33mwarn[39m: [33mSQLITE_ERROR: table files already exists[39m
2023-09-04 05:07:44:744 - [31merror[39m: [31mErro ao consultar dados: Error: SQLITE_ERROR: no such column: column_name[39m
2023-09-04 05:07:44:744 - [32minfo[39m: [32mGET /api/users?id=Karen 500 24 - 4.851 ms[39m
[32m[39m
2023-09-04 05:08:12:812 - [31merror[39m: [31mErro ao consultar dados: Error: SQLITE_ERROR: no such column: column_name[39m
2023-09-04 05:08:12:812 - [32minfo[39m: [32mGET /api/users?id=karen 500 24 - 2.355 ms[39m
[32m[39m
2023-09-04 05:08:14:814 - [31merror[39m: [31mErro ao consultar dados: Error: SQLITE_ERROR: no such column: column_name[39m
2023-09-04 05:08:14:814 - [32minfo[39m: [32mGET /api/users?id=karen 500 24 - 2.416 ms[39m
[32m[39m
2023-09-04 05:08:34:834 - [32minfo[39m: [32mAplicação está funcionando na porta: 3000[39m
2023-09-04 05:08:34:834 - [32minfo[39m: [32mBase de dados conectada com sucesso.[39m
2023-09-04 05:08:34:834 - [33mwarn[39m: [33mSQLITE_ERROR: table files already exists[39m
2023-09-04 05:08:36:836 - [31merror[39m: [31mErro ao consultar dados: Error: SQLITE_ERROR: no such column: column_name[39m
2023-09-04 05:08:36:836 - [32minfo[39m: [32mGET /api/users?id=karen 500 24 - 7.324 ms[39m
[32m[39m
2023-09-04 05:08:49:849 - [32minfo[39m: [32mAplicação está funcionando na porta: 3000[39m
2023-09-04 05:08:49:849 - [32minfo[39m: [32mBase de dados conectada com sucesso.[39m
2023-09-04 05:08:49:849 - [33mwarn[39m: [33mSQLITE_ERROR: table files already exists[39m
2023-09-04 05:08:55:855 - [32minfo[39m: [32mGET /api/users?id=karen 200 75 - 8.773 ms[39m
[32m[39m
2023-09-04 05:09:02:92 - [32minfo[39m: [32mGET /api/users?id=japan 200 2 - 2.514 ms[39m
[32m[39m
2023-09-04 05:10:30:1030 - [32minfo[39m: [32mAplicação está funcionando na porta: 3000[39m
2023-09-04 05:10:30:1030 - [32minfo[39m: [32mBase de dados conectada com sucesso.[39m
2023-09-04 05:10:30:1030 - [33mwarn[39m: [33mSQLITE_ERROR: table files already exists[39m
2023-09-04 05:10:33:1033 - [32minfo[39m: [32mGET /api/users?id=japan 200 75 - 3.841 ms[39m
[32m[39m
2023-09-04 05:10:39:1039 - [32minfo[39m: [32mGET /api/users?id=franc 200 77 - 1.771 ms[39m
[32m[39m
2023-09-04 05:10:43:1043 - [32minfo[39m: [32mGET /api/users?id= 200 373 - 1.318 ms[39m
[32m[39m
2023-09-04 05:11:10:1110 - [32minfo[39m: [32mAplicação está funcionando na porta: 3000[39m
2023-09-04 05:11:10:1110 - [32minfo[39m: [32mBase de dados conectada com sucesso.[39m
2023-09-04 05:11:10:1110 - [33mwarn[39m: [33mSQLITE_ERROR: table files already exists[39m
2023-09-04 05:12:55:1255 - [32minfo[39m: [32mAplicação está funcionando na porta: 3000[39m
2023-09-04 05:12:55:1255 - [32minfo[39m: [32mBase de dados conectada com sucesso.[39m
2023-09-04 05:12:55:1255 - [33mwarn[39m: [33mSQLITE_ERROR: table files already exists[39m
2023-09-04 05:59:00:590 - [32minfo[39m: [32mAplicação está funcionando na porta: 3000[39m
2023-09-04 05:59:00:590 - [32minfo[39m: [32mBase de dados conectada com sucesso.[39m
2023-09-04 05:59:00:590 - [33mwarn[39m: [33mSQLITE_ERROR: table files already exists[39m
2023-09-04 05:59:34:5934 - [32minfo[39m: [32mAplicação está funcionando na porta: 3000[39m
2023-09-04 05:59:34:5934 - [32minfo[39m: [32mBase de dados conectada com sucesso.[39m
2023-09-04 05:59:34:5934 - [33mwarn[39m: [33mSQLITE_ERROR: table files already exists[39m
2023-09-04 05:59:55:5955 - [32minfo[39m: [32mAplicação está funcionando na porta: 3000[39m
2023-09-04 05:59:55:5955 - [32minfo[39m: [32mBase de dados conectada com sucesso.[39m
2023-09-04 05:59:55:5955 - [33mwarn[39m: [33mSQLITE_ERROR: table files already exists[39m
2023-09-04 06:00:03:03 - [32minfo[39m: [32mAplicação está funcionando na porta: 3000[39m
2023-09-04 06:00:03:03 - [32minfo[39m: [32mBase de dados conectada com sucesso.[39m
2023-09-04 06:00:03:03 - [33mwarn[39m: [33mSQLITE_ERROR: table files already exists[39m
2023-09-04 06:01:14:114 - [32minfo[39m: [32mAplicação está funcionando na porta: 3000[39m
2023-09-04 06:01:14:114 - [32minfo[39m: [32mBase de dados conectada com sucesso.[39m
2023-09-04 06:01:14:114 - [33mwarn[39m: [33mSQLITE_ERROR: table files already exists[39m
2023-09-04 06:01:29:129 - [32minfo[39m: [32mAplicação está funcionando na porta: 3000[39m
2023-09-04 06:01:29:129 - [32minfo[39m: [32mBase de dados conectada com sucesso.[39m
2023-09-04 06:01:29:129 - [33mwarn[39m: [33mSQLITE_ERROR: table files already exists[39m
2023-09-04 06:01:57:157 - [32minfo[39m: [32mAplicação está funcionando na porta: 3000[39m
2023-09-04 06:01:57:157 - [32minfo[39m: [32mBase de dados conectada com sucesso.[39m
2023-09-04 06:01:57:157 - [33mwarn[39m: [33mSQLITE_ERROR: table files already exists[39m
2023-09-04 06:03:53:353 - [32minfo[39m: [32mAplicação está funcionando na porta: 3000[39m
2023-09-04 06:03:53:353 - [32minfo[39m: [32mBase de dados conectada com sucesso.[39m
2023-09-04 06:03:53:353 - [33mwarn[39m: [33mSQLITE_ERROR: table files already exists[39m
2023-09-04 06:04:12:412 - [32minfo[39m: [32mAplicação está funcionando na porta: 3000[39m
2023-09-04 06:04:12:412 - [32minfo[39m: [32mBase de dados conectada com sucesso.[39m
2023-09-04 06:04:12:412 - [33mwarn[39m: [33mSQLITE_ERROR: table files already exists[39m
2023-09-04 06:07:14:714 - [32minfo[39m: [32mAplicação está funcionando na porta: 3000[39m
2023-09-04 06:07:14:714 - [32minfo[39m: [32mBase de dados conectada com sucesso.[39m
2023-09-04 06:07:14:714 - [33mwarn[39m: [33mSQLITE_ERROR: table files already exists[39m
2023-09-04 06:07:18:718 - [32minfo[39m: [32mAplicação está funcionando na porta: 3000[39m
2023-09-04 06:07:19:719 - [32minfo[39m: [32mBase de dados conectada com sucesso.[39m
2023-09-04 06:07:19:719 - [33mwarn[39m: [33mSQLITE_ERROR: table files already exists[39m
2023-09-04 06:07:41:741 - [32minfo[39m: [32mAplicação está funcionando na porta: 3000[39m
2023-09-04 06:07:41:741 - [32minfo[39m: [32mBase de dados conectada com sucesso.[39m
2023-09-04 06:07:41:741 - [33mwarn[39m: [33mSQLITE_ERROR: table files already exists[39m
2023-09-04 06:08:25:825 - [32minfo[39m: [32mAplicação está funcionando na porta: 3000[39m
2023-09-04 06:08:25:825 - [32minfo[39m: [32mBase de dados conectada com sucesso.[39m
2023-09-04 06:08:25:825 - [33mwarn[39m: [33mSQLITE_ERROR: table files already exists[39m
2023-09-04 06:08:50:850 - [32minfo[39m: [32mAplicação está funcionando na porta: 3000[39m
2023-09-04 06:08:50:850 - [32minfo[39m: [32mBase de dados conectada com sucesso.[39m
2023-09-04 06:08:50:850 - [33mwarn[39m: [33mSQLITE_ERROR: table files already exists[39m
2023-09-04 06:08:54:854 - [32minfo[39m: [32mAplicação está funcionando na porta: 3000[39m
2023-09-04 06:08:54:854 - [32minfo[39m: [32mBase de dados conectada com sucesso.[39m
2023-09-04 06:08:54:854 - [33mwarn[39m: [33mSQLITE_ERROR: table files already exists[39m
2023-09-04 06:09:05:95 - [32minfo[39m: [32mAplicação está funcionando na porta: 3000[39m
2023-09-04 06:09:05:95 - [32minfo[39m: [32mBase de dados conectada com sucesso.[39m
2023-09-04 06:09:05:95 - [33mwarn[39m: [33mSQLITE_ERROR: table files already exists[39m
2023-09-04 06:09:40:940 - [32minfo[39m: [32mAplicação está funcionando na porta: 3000[39m
2023-09-04 06:09:40:940 - [32minfo[39m: [32mBase de dados conectada com sucesso.[39m
2023-09-04 06:09:40:940 - [33mwarn[39m: [33mSQLITE_ERROR: table files already exists[39m
2023-09-04 06:10:08:108 - [32minfo[39m: [32mAplicação está funcionando na porta: 3000[39m
2023-09-04 06:10:08:108 - [32minfo[39m: [32mBase de dados conectada com sucesso.[39m
2023-09-04 06:10:08:108 - [33mwarn[39m: [33mSQLITE_ERROR: table files already exists[39m
2023-09-04 06:10:31:1031 - [32minfo[39m: [32mAplicação está funcionando na porta: 3000[39m
2023-09-04 06:10:31:1031 - [32minfo[39m: [32mBase de dados conectada com sucesso.[39m
2023-09-04 06:10:31:1031 - [33mwarn[39m: [33mSQLITE_ERROR: table files already exists[39m
2023-09-04 06:10:50:1050 - [32minfo[39m: [32mAplicação está funcionando na porta: 3000[39m
2023-09-04 06:10:51:1051 - [32minfo[39m: [32mBase de dados conectada com sucesso.[39m
2023-09-04 06:10:51:1051 - [33mwarn[39m: [33mSQLITE_ERROR: table files already exists[39m
2023-09-04 06:12:58:1258 - [32minfo[39m: [32mAplicação está funcionando na porta: 3000[39m
2023-09-04 06:12:58:1258 - [32minfo[39m: [32mBase de dados conectada com sucesso.[39m
2023-09-04 06:12:58:1258 - [33mwarn[39m: [33mSQLITE_ERROR: table files already exists[39m
2023-09-04 06:13:11:1311 - [32minfo[39m: [32mAplicação está funcionando na porta: 3000[39m
2023-09-04 06:13:11:1311 - [32minfo[39m: [32mBase de dados conectada com sucesso.[39m
2023-09-04 06:13:11:1311 - [33mwarn[39m: [33mSQLITE_ERROR: table files already exists[39m
2023-09-04 06:13:13:1313 - [32minfo[39m: [32mAplicação está funcionando na porta: 3000[39m
2023-09-04 06:13:13:1313 - [32minfo[39m: [32mBase de dados conectada com sucesso.[39m
2023-09-04 06:13:13:1313 - [33mwarn[39m: [33mSQLITE_ERROR: table files already exists[39m
2023-09-04 06:13:50:1350 - [32minfo[39m: [32mAplicação está funcionando na porta: 3000[39m
2023-09-04 06:13:50:1350 - [32minfo[39m: [32mBase de dados conectada com sucesso.[39m
2023-09-04 06:13:50:1350 - [33mwarn[39m: [33mSQLITE_ERROR: table files already exists[39m
2023-09-04 06:14:05:145 - [32minfo[39m: [32mAplicação está funcionando na porta: 3000[39m
2023-09-04 06:14:05:145 - [32minfo[39m: [32mBase de dados conectada com sucesso.[39m
2023-09-04 06:14:05:145 - [33mwarn[39m: [33mSQLITE_ERROR: table files already exists[39m
2023-09-04 06:14:07:147 - [32minfo[39m: [32mAplicação está funcionando na porta: 3000[39m
2023-09-04 06:14:07:147 - [32minfo[39m: [32mBase de dados conectada com sucesso.[39m
2023-09-04 06:14:07:147 - [33mwarn[39m: [33mSQLITE_ERROR: table files already exists[39m
2023-09-04 06:14:24:1424 - [32minfo[39m: [32mAplicação está funcionando na porta: 3000[39m
2023-09-04 06:14:24:1424 - [32minfo[39m: [32mBase de dados conectada com sucesso.[39m
2023-09-04 06:14:24:1424 - [33mwarn[39m: [33mSQLITE_ERROR: table files already exists[39m
2023-09-04 06:14:42:1442 - [32minfo[39m: [32mAplicação está funcionando na porta: 3000[39m
2023-09-04 06:14:42:1442 - [32minfo[39m: [32mBase de dados conectada com sucesso.[39m
2023-09-04 06:14:42:1442 - [33mwarn[39m: [33mSQLITE_ERROR: table files already exists[39m
2023-09-04 06:14:46:1446 - [32minfo[39m: [32mAplicação está funcionando na porta: 3000[39m
2023-09-04 06:14:46:1446 - [32minfo[39m: [32mBase de dados conectada com sucesso.[39m
2023-09-04 06:14:46:1446 - [33mwarn[39m: [33mSQLITE_ERROR: table files already exists[39m
2023-09-04 06:14:52:1452 - [32minfo[39m: [32mAplicação está funcionando na porta: 3000[39m
2023-09-04 06:14:52:1452 - [32minfo[39m: [32mBase de dados conectada com sucesso.[39m
2023-09-04 06:14:52:1452 - [33mwarn[39m: [33mSQLITE_ERROR: table files already exists[39m
2023-09-04 06:15:02:152 - [32minfo[39m: [32mAplicação está funcionando na porta: 3000[39m
2023-09-04 06:15:02:152 - [32minfo[39m: [32mBase de dados conectada com sucesso.[39m
2023-09-04 06:15:02:152 - [33mwarn[39m: [33mSQLITE_ERROR: table files already exists[39m
2023-09-04 06:15:13:1513 - [32minfo[39m: [32mAplicação está funcionando na porta: 3000[39m
2023-09-04 06:15:13:1513 - [32minfo[39m: [32mBase de dados conectada com sucesso.[39m
2023-09-04 06:15:13:1513 - [33mwarn[39m: [33mSQLITE_ERROR: table files already exists[39m
2023-09-04 06:15:21:1521 - [32minfo[39m: [32mAplicação está funcionando na porta: 3000[39m
2023-09-04 06:15:21:1521 - [32minfo[39m: [32mBase de dados conectada com sucesso.[39m
2023-09-04 06:15:21:1521 - [33mwarn[39m: [33mSQLITE_ERROR: table files already exists[39m
2023-09-04 06:16:31:1631 - [32minfo[39m: [32mAplicação está funcionando na porta: 3000[39m
2023-09-04 06:16:31:1631 - [32minfo[39m: [32mBase de dados conectada com sucesso.[39m
2023-09-04 06:16:31:1631 - [33mwarn[39m: [33mSQLITE_ERROR: table files already exists[39m
2023-09-04 06:17:09:179 - [32minfo[39m: [32mAplicação está funcionando na porta: 3000[39m
2023-09-04 06:17:09:179 - [32minfo[39m: [32mBase de dados conectada com sucesso.[39m
2023-09-04 06:17:09:179 - [33mwarn[39m: [33mSQLITE_ERROR: table files already exists[39m
2023-09-04 06:17:13:1713 - [32minfo[39m: [32mGET /api/users?id= 200 373 - 17.286 ms[39m
[32m[39m
2023-09-04 06:17:31:1731 - [32minfo[39m: [32mPOST /api/file 500 298 - 16.647 ms[39m
[32m[39m
2023-09-04 06:30:52:3052 - [32minfo[39m: [32mAplicação está funcionando na porta: 3000[39m
2023-09-04 06:30:52:3052 - [32minfo[39m: [32mBase de dados conectada com sucesso.[39m
2023-09-04 06:30:52:3052 - [33mwarn[39m: [33mSQLITE_ERROR: table files already exists[39m
2023-09-04 06:30:56:3056 - [32minfo[39m: [32mPOST /api/file 500 230 - 11.084 ms[39m
[32m[39m
2023-09-04 06:31:16:3116 - [32minfo[39m: [32mAplicação está funcionando na porta: 3000[39m
2023-09-04 06:31:16:3116 - [32minfo[39m: [32mBase de dados conectada com sucesso.[39m
2023-09-04 06:31:16:3116 - [33mwarn[39m: [33mSQLITE_ERROR: table files already exists[39m
2023-09-04 06:31:18:3118 - [32minfo[39m: [32mPOST /api/file 200 132 - 36.538 ms[39m
[32m[39m
2023-09-04 06:31:18:3118 - [32minfo[39m: [32mDados inseridos com sucesso: John Doe[39m
2023-09-04 06:31:18:3118 - [32minfo[39m: [32mDados inseridos com sucesso: Karen Lee[39m
2023-09-04 06:31:18:3118 - [32minfo[39m: [32mDados inseridos com sucesso: Jane Smith[39m
2023-09-04 06:31:18:3118 - [32minfo[39m: [32mDados inseridos com sucesso: Mike Johnson[39m
2023-09-04 06:31:18:3118 - [32minfo[39m: [32mDados inseridos com sucesso: Tom Brown[39m
2023-09-04 06:31:28:3128 - [32minfo[39m: [32mAplicação está funcionando na porta: 3000[39m
2023-09-04 06:31:28:3128 - [32minfo[39m: [32mBase de dados conectada com sucesso.[39m
2023-09-04 06:31:28:3128 - [33mwarn[39m: [33mSQLITE_ERROR: table files already exists[39m
2023-09-04 06:36:55:3655 - [32minfo[39m: [32mAplicação está funcionando na porta: 3000[39m
2023-09-04 06:36:55:3655 - [32minfo[39m: [32mBase de dados conectada com sucesso.[39m
2023-09-04 06:36:55:3655 - [33mwarn[39m: [33mSQLITE_ERROR: table files already exists[39m
2023-09-04 06:36:59:3659 - [32minfo[39m: [32mPOST /api/file 500 323 - 16.342 ms[39m
[32m[39m
2023-09-04 06:37:24:3724 - [32minfo[39m: [32mPOST /api/file 500 324 - 3.542 ms[39m
[32m[39m
2023-09-04 06:37:31:3731 - [32minfo[39m: [32mAplicação está funcionando na porta: 3000[39m
2023-09-04 06:37:31:3731 - [32minfo[39m: [32mBase de dados conectada com sucesso.[39m
2023-09-04 06:37:31:3731 - [33mwarn[39m: [33mSQLITE_ERROR: table files already exists[39m
2023-09-04 06:37:35:3735 - [32minfo[39m: [32mPOST /api/file 500 324 - 9.532 ms[39m
[32m[39m
2023-09-04 06:38:05:385 - [32minfo[39m: [32mAplicação está funcionando na porta: 3000[39m
2023-09-04 06:38:05:385 - [32minfo[39m: [32mBase de dados conectada com sucesso.[39m
2023-09-04 06:38:05:385 - [33mwarn[39m: [33mSQLITE_ERROR: table files already exists[39m
2023-09-04 06:38:08:388 - [32minfo[39m: [32mPOST /api/file 200 138 - 46.696 ms[39m
[32m[39m
2023-09-04 06:38:08:388 - [32minfo[39m: [32mDados inseridos com sucesso: Tom Brown[39m
2023-09-04 06:38:08:388 - [32minfo[39m: [32mDados inseridos com sucesso: Karen Lee[39m
2023-09-04 06:38:08:388 - [32minfo[39m: [32mDados inseridos com sucesso: Jane Smith[39m
2023-09-04 06:38:08:388 - [32minfo[39m: [32mDados inseridos com sucesso: Mike Johnson[39m
2023-09-04 06:38:08:388 - [32minfo[39m: [32mDados inseridos com sucesso: John Doe[39m
2023-09-04 06:38:18:3818 - [32minfo[39m: [32mAplicação está funcionando na porta: 3000[39m
2023-09-04 06:38:18:3818 - [32minfo[39m: [32mBase de dados conectada com sucesso.[39m
2023-09-04 06:38:18:3818 - [33mwarn[39m: [33mSQLITE_ERROR: table files already exists[39m
2023-09-04 06:38:27:3827 - [32minfo[39m: [32mPOST /api/file 500 402 - 28.746 ms[39m
[32m[39m
2023-09-04 06:38:42:3842 - [32minfo[39m: [32mAplicação está funcionando na porta: 3000[39m
2023-09-04 06:38:42:3842 - [32minfo[39m: [32mBase de dados conectada com sucesso.[39m
2023-09-04 06:38:42:3842 - [33mwarn[39m: [33mSQLITE_ERROR: table files already exists[39m
2023-09-04 06:39:04:394 - [32minfo[39m: [32mAplicação está funcionando na porta: 3000[39m
2023-09-04 06:39:04:394 - [32minfo[39m: [32mBase de dados conectada com sucesso.[39m
2023-09-04 06:39:04:394 - [33mwarn[39m: [33mSQLITE_ERROR: table files already exists[39m
2023-09-04 06:39:07:397 - [32minfo[39m: [32mPOST /api/file 200 38 - 45.575 ms[39m
[32m[39m
2023-09-04 06:39:07:397 - [32minfo[39m: [32mDados inseridos com sucesso: John Doe[39m
2023-09-04 06:39:07:397 - [32minfo[39m: [32mDados inseridos com sucesso: Karen Lee[39m
2023-09-04 06:39:07:397 - [32minfo[39m: [32mDados inseridos com sucesso: Jane Smith[39m
2023-09-04 06:39:07:397 - [32minfo[39m: [32mDados inseridos com sucesso: Mike Johnson[39m
2023-09-04 06:39:07:397 - [32minfo[39m: [32mDados inseridos com sucesso: Tom Brown[39m
2023-09-04 06:39:15:3915 - [32minfo[39m: [32mAplicação está funcionando na porta: 3000[39m
2023-09-04 06:39:15:3915 - [32minfo[39m: [32mBase de dados conectada com sucesso.[39m
2023-09-04 06:39:15:3915 - [33mwarn[39m: [33mSQLITE_ERROR: table files already exists[39m
2023-09-04 06:39:44:3944 - [32minfo[39m: [32mAplicação está funcionando na porta: 3000[39m
2023-09-04 06:39:44:3944 - [32minfo[39m: [32mBase de dados conectada com sucesso.[39m
2023-09-04 06:39:44:3944 - [33mwarn[39m: [33mSQLITE_ERROR: table files already exists[39m
2023-09-04 06:42:28:4228 - [32minfo[39m: [32mAplicação está funcionando na porta: 3000[39m
2023-09-04 06:42:28:4228 - [32minfo[39m: [32mBase de dados conectada com sucesso.[39m
2023-09-04 06:42:28:4228 - [33mwarn[39m: [33mSQLITE_ERROR: table files already exists[39m
2023-09-04 06:42:44:4244 - [32minfo[39m: [32mAplicação está funcionando na porta: 3000[39m
2023-09-04 06:42:44:4244 - [32minfo[39m: [32mBase de dados conectada com sucesso.[39m
2023-09-04 06:42:44:4244 - [33mwarn[39m: [33mSQLITE_ERROR: table files already exists[39m
2023-09-04 06:43:49:4349 - [32minfo[39m: [32mAplicação está funcionando na porta: 3000[39m
2023-09-04 06:43:49:4349 - [32minfo[39m: [32mBase de dados conectada com sucesso.[39m
2023-09-04 06:43:49:4349 - [33mwarn[39m: [33mSQLITE_ERROR: table files already exists[39m
2023-09-04 06:44:54:4454 - [32minfo[39m: [32mAplicação está funcionando na porta: 3000[39m
2023-09-04 06:44:54:4454 - [32minfo[39m: [32mBase de dados conectada com sucesso.[39m
2023-09-04 06:44:54:4454 - [33mwarn[39m: [33mSQLITE_ERROR: table files already exists[39m
2023-09-04 06:48:35:4835 - [32minfo[39m: [32mAplicação está funcionando na porta: 3000[39m
2023-09-04 06:48:35:4835 - [32minfo[39m: [32mBase de dados conectada com sucesso.[39m
2023-09-04 06:48:35:4835 - [32minfo[39m: [32mTabela itens criada com sucesso.[39m
2023-09-04 06:48:42:4842 - [32minfo[39m: [32mPOST /api/file 200 37 - 20.209 ms[39m
[32m[39m
2023-09-04 06:48:42:4842 - [31merror[39m: [31mErro ao inserir dados: Error: SQLITE_ERROR: 3 values for 4 columns[39m
2023-09-04 06:48:42:4842 - [31merror[39m: [31mErro ao inserir dados: Error: SQLITE_ERROR: 3 values for 4 columns[39m
2023-09-04 06:48:42:4842 - [31merror[39m: [31mErro ao inserir dados: Error: SQLITE_ERROR: 3 values for 4 columns[39m
2023-09-04 06:48:42:4842 - [31merror[39m: [31mErro ao inserir dados: Error: SQLITE_ERROR: 3 values for 4 columns[39m
2023-09-04 06:48:42:4842 - [31merror[39m: [31mErro ao inserir dados: Error: SQLITE_ERROR: 3 values for 4 columns[39m
2023-09-04 06:49:37:4937 - [32minfo[39m: [32mAplicação está funcionando na porta: 3000[39m
2023-09-04 06:49:37:4937 - [32minfo[39m: [32mBase de dados conectada com sucesso.[39m
2023-09-04 06:49:37:4937 - [33mwarn[39m: [33mSQLITE_ERROR: table files already exists[39m
2023-09-04 06:49:42:4942 - [32minfo[39m: [32mPOST /api/file 200 37 - 38.762 ms[39m
[32m[39m
2023-09-04 06:49:42:4942 - [32minfo[39m: [32mDados inseridos com sucesso: John Doe[39m
2023-09-04 06:49:42:4942 - [32minfo[39m: [32mDados inseridos com sucesso: Jane Smith[39m
2023-09-04 06:49:42:4942 - [32minfo[39m: [32mDados inseridos com sucesso: Tom Brown[39m
2023-09-04 06:49:42:4942 - [32minfo[39m: [32mDados inseridos com sucesso: Mike Johnson[39m
2023-09-04 06:49:42:4942 - [32minfo[39m: [32mDados inseridos com sucesso: Karen Lee[39m
2023-09-04 06:49:53:4953 - [32minfo[39m: [32mGET /api/users?id= 200 453 - 1.707 ms[39m
[32m[39m
2023-09-04 06:49:59:4959 - [32minfo[39m: [32mGET /api/users?id=TOKYO 500 65 - 0.964 ms[39m
[32m[39m
2023-09-04 06:50:03:503 - [32minfo[39m: [32mGET /api/users?id=tokyo 500 65 - 0.559 ms[39m
[32m[39m
2023-09-04 06:50:07:507 - [32minfo[39m: [32mGET /api/users?id=Tokyo 500 65 - 1.014 ms[39m
[32m[39m
2023-09-04 06:50:20:5020 - [32minfo[39m: [32mGET /api/users?id=Tokyo 500 65 - 0.407 ms[39m
[32m[39m
2023-09-04 06:50:30:5030 - [32minfo[39m: [32mAplicação está funcionando na porta: 3000[39m
2023-09-04 06:50:30:5030 - [32minfo[39m: [32mBase de dados conectada com sucesso.[39m
2023-09-04 06:50:30:5030 - [33mwarn[39m: [33mSQLITE_ERROR: table files already exists[39m
2023-09-04 06:50:32:5032 - [32minfo[39m: [32mGET /api/users?id=Tokyo 200 90 - 5.420 ms[39m
[32m[39m
2023-09-04 06:50:36:5036 - [32minfo[39m: [32mGET /api/users?id=TOKYO 200 90 - 1.621 ms[39m
[32m[39m
2023-09-04 06:50:39:5039 - [32minfo[39m: [32mGET /api/users?id=TOKYO 200 90 - 1.672 ms[39m
[32m[39m
2023-09-04 06:50:45:5045 - [32minfo[39m: [32mGET /api/users?id=KAREN 200 90 - 0.740 ms[39m
[32m[39m
2023-09-04 06:50:52:5052 - [32minfo[39m: [32mGET /api/users?id=ToM 200 94 - 1.107 ms[39m
[32m[39m
2023-09-04 06:51:20:5120 - [32minfo[39m: [32mGET /api/users?id=Tm 200 2 - 2.667 ms[39m
[32m[39m
2023-09-04 06:51:22:5122 - [32minfo[39m: [32mGET /api/users?id=TOM 200 94 - 1.502 ms[39m
[32m[39m
2023-09-04 06:51:26:5126 - [32minfo[39m: [32mGET /api/users?id=tOm 200 94 - 0.769 ms[39m
[32m[39m
2023-09-04 06:51:30:5130 - [32minfo[39m: [32mGET /api/users?id=BrOWn 200 94 - 1.212 ms[39m
[32m[39m
2023-09-04 06:51:37:5137 - [32minfo[39m: [32mGET /api/users?id=swi 200 90 - 1.730 ms[39m
[32m[39m
2023-09-04 06:51:40:5140 - [32minfo[39m: [32mGET /api/users?id=SWI 200 90 - 2.003 ms[39m
[32m[39m
2023-09-04 06:54:25:5425 - [32minfo[39m: [32mAplicação está funcionando na porta: 3000[39m
2023-09-04 06:54:25:5425 - [32minfo[39m: [32mBase de dados conectada com sucesso.[39m
2023-09-04 06:54:25:5425 - [33mwarn[39m: [33mSQLITE_ERROR: table files already exists[39m
2023-09-04 06:55:19:5519 - [32minfo[39m: [32mAplicação está funcionando na porta: 3000[39m
2023-09-04 06:55:19:5519 - [32minfo[39m: [32mBase de dados conectada com sucesso.[39m
2023-09-04 06:55:19:5519 - [33mwarn[39m: [33mSQLITE_ERROR: table files already exists[39m
2023-09-04 06:55:24:5524 - [32minfo[39m: [32mGET /api/users?id=SWI 200 90 - 15.024 ms[39m
[32m[39m
2023-09-04 06:56:01:561 - [32minfo[39m: [32mAplicação está funcionando na porta: 3000[39m
2023-09-04 06:56:01:561 - [32minfo[39m: [32mBase de dados conectada com sucesso.[39m
2023-09-04 06:56:01:561 - [33mwarn[39m: [33mSQLITE_ERROR: table files already exists[39m
2023-09-04 06:57:18:5718 - [32minfo[39m: [32mAplicação está funcionando na porta: 3000[39m
2023-09-04 06:57:18:5718 - [32minfo[39m: [32mBase de dados conectada com sucesso.[39m
2023-09-04 06:57:18:5718 - [33mwarn[39m: [33mSQLITE_ERROR: table files already exists[39m
2023-09-04 06:57:35:5735 - [32minfo[39m: [32mAplicação está funcionando na porta: port[39m
2023-09-04 06:57:35:5735 - [32minfo[39m: [32mBase de dados conectada com sucesso.[39m
2023-09-04 06:57:35:5735 - [33mwarn[39m: [33mSQLITE_ERROR: table files already exists[39m
2023-09-04 06:57:46:5746 - [32minfo[39m: [32mAplicação está funcionando na porta: port[39m
2023-09-04 06:57:46:5746 - [32minfo[39m: [32mBase de dados conectada com sucesso.[39m
2023-09-04 06:57:46:5746 - [33mwarn[39m: [33mSQLITE_ERROR: table files already exists[39m
2023-09-04 06:57:49:5749 - [32minfo[39m: [32mAplicação está funcionando na porta: port[39m
2023-09-04 06:57:49:5749 - [32minfo[39m: [32mBase de dados conectada com sucesso.[39m
2023-09-04 06:57:49:5749 - [33mwarn[39m: [33mSQLITE_ERROR: table files already exists[39m
2023-09-04 06:57:58:5758 - [32minfo[39m: [32mAplicação está funcionando na porta: port[39m
2023-09-04 06:57:58:5758 - [32minfo[39m: [32mBase de dados conectada com sucesso.[39m
2023-09-04 06:57:58:5758 - [33mwarn[39m: [33mSQLITE_ERROR: table files already exists[39m
2023-09-04 06:58:19:5819 - [32minfo[39m: [32mGET /api/users?id=lon 200 89 - 8.368 ms[39m
[32m[39m
